2023-06-12T05:26:24+00:00 DEBUG POST: https://business-api.tiktok.com/open_api/v1.2/tbp/business_profile/disconnect/

{"external_business_id":false,"business_platform":"WOO_COMMERCE","is_setup_page":0,"app_id":false}
 ajax: no
2023-06-12T05:26:24+00:00 DEBUG Tt4b_Mapi_Class::mapi_post: Response: 

HTTP/1.1 200 OK
Server: nginx
Content-Type: application/json; charset=utf-8
Content-Length: 103
X-Api-Deprecation-Info: API for Business Version 1.3 is now live. To avoid disruption to your business, we recommend you migrate all calls to v1.3 as soon as possible. Please visit our migration guide for more details: https://ads.tiktok.com/marketing_api/docs?id=1740029169927169
X-Domain-Change-Info: We have moved to the new domain business-api.tiktok.com for API services after the Platform Upgrade on 09/30/2021. Please update all of your requests with the new domain if you haven't done so already. For more information, please visit https://ads.tiktok.com/marketing_api/docs?rid=esb88xalm6m&id=1709207085043713
X-Tt-Logid: 202306120526239DEBF7A7FB02932AFF4A
x-tt-trace-host: 0124b8787ec7fcb4ffec99f38f05e4c53f4ab141ee5cbc84bdc8301d6316b664ffb348306e49d9055285bdbd50e062a9008815bec67fbe832781c9e089f4fd37ebd08d1e7088c5fb1d453a77b23b8526499410e20e684faf5ec7ccc0121ee7527ea92bd63af3b6c498cf0d7aa69efc1178
X-Origin-Response-Time: 10,23.59.168.30
X-Akamai-Request-ID: 29573125.24a95556
Expires: Mon, 12 Jun 2023 05:26:24 GMT
Cache-Control: max-age=0, no-cache, no-store
Pragma: no-cache
Date: Mon, 12 Jun 2023 05:26:24 GMT
X-Cache: TCP_MISS from a23-198-12-213.deploy.akamaitechnologies.com (AkamaiGHost/11.1.1-48665640) (-)
Connection: close
X-Cache-Remote: TCP_MISS from a23-59-168-30.deploy.akamaitechnologies.com (AkamaiGHost/11.1.1-48665640) (-)
x-tt-trace-tag: id=16;cdn-cache=miss;type=dyn
Server-Timing: cdn-cache; desc=MISS, edge; dur=202, origin; dur=10
Server-Timing: inner; dur=5
X-Parent-Response-Time: 210,23.198.12.213

{"code":40104,"message":"The access_token is empty.","request_id":"202306120526239DEBF7A7FB02932AFF4A"}

2023-06-12T05:26:24+00:00 DEBUG POST: https://business-api.tiktok.com/tbp/v2.0/shop/connection/disconnect?external_data=

--- EMPTY STRING ---
 ajax: no
2023-06-12T05:26:24+00:00 DEBUG Tt4b_Mapi_Class::tts_shop_disconnect: Response: 

HTTP/1.1 200 OK
Server: nginx
Content-Type: application/json; charset=utf-8
Content-Length: 95
X-Api-Deprecation-Info: API for Business Version 1.3 is now live. To avoid disruption to your business, we recommend you migrate all calls to v1.3 as soon as possible. Please visit our migration guide for more details: https://ads.tiktok.com/marketing_api/docs?id=1740029169927169
X-Domain-Change-Info: We have moved to the new domain business-api.tiktok.com for API services after the Platform Upgrade on 09/30/2021. Please update all of your requests with the new domain if you haven't done so already. For more information, please visit https://ads.tiktok.com/marketing_api/docs?rid=esb88xalm6m&id=1709207085043713
X-Tt-Logid: 20230612052623C3710D0D42F96328C82D
x-tt-trace-host: 0124b8787ec7fcb4ffec99f38f05e4c53f4ab141ee5cbc84bdc8301d6316b664ffa4bf7beaef50a76b176ceb64641af7d4d82e63a2ead7ee676d4c4048d196c22cc6545c3711112422212a3d6aad82b45bdaab802839f37aae2bb765a713db4eff6d2898ef5fea71413562f85b94826ea8
X-Origin-Response-Time: 14,23.47.190.174
X-Akamai-Request-ID: 18bd89c0.24a95757
Expires: Mon, 12 Jun 2023 05:26:24 GMT
Cache-Control: max-age=0, no-cache, no-store
Pragma: no-cache
Date: Mon, 12 Jun 2023 05:26:24 GMT
X-Cache: TCP_MISS from a23-198-12-213.deploy.akamaitechnologies.com (AkamaiGHost/11.1.1-48665640) (-)
Connection: close
X-Cache-Remote: TCP_MISS from a23-47-190-174.deploy.akamaitechnologies.com (AkamaiGHost/11.1.1-48665640) (-)
x-tt-trace-tag: id=16;cdn-cache=miss;type=dyn
Server-Timing: cdn-cache; desc=MISS, edge; dur=197, origin; dur=14
Server-Timing: inner; dur=11
X-Parent-Response-Time: 209,23.198.12.213

{"code":40001,"message":"Permission denied.","request_id":"20230612052623C3710D0D42F96328C82D"}

